2025-07-24 06:24:41 - Pluto\Core\Error: Pluto\Core\MySQLException: SQLSTATE[HY000] [2002] Hedef makine etkin olarak reddettiğinden bağlantı kurulamadı in C:\Users\Yasin ERSOY\Documents\PlutoPHP\src\core\Model.php:163
Stack trace:
#0 C:\Users\Yasin ERSOY\Documents\PlutoPHP\src\core\Model.php(131): Pluto\Core\MySQL->get()
#1 C:\Users\Yasin ERSOY\Documents\PlutoPHP\src\core\Model.php(2136): Pluto\Core\MySQL->dbType()
#2 C:\Users\Yasin ERSOY\Documents\PlutoPHP\src\core\Model.php(2076): Pluto\Core\ModelTable->table_struct()
#3 C:\Users\Yasin ERSOY\Documents\PlutoPHP\src\core\Model.php(1432): Pluto\Core\ModelTable->__construct()
#4 C:\Users\Yasin ERSOY\Documents\PlutoPHP\src\core\Model.php(1840): Pluto\Core\Model::_orm_struct()
#5 C:\Users\Yasin ERSOY\Documents\PlutoPHP\src\core\Model.php(1873): Pluto\Core\Model::_Search()
#6 C:\Users\Yasin ERSOY\Documents\PlutoPHP\backend\controller\User.php(25): Pluto\Core\Model::SearchMany()
#7 C:\Users\Yasin ERSOY\Documents\PlutoPHP\src\core\Router.php(252): Pluto\Controller\User->index()
#8 C:\Users\Yasin ERSOY\Documents\PlutoPHP\index.php(35): Pluto\Core\Router->resolve()
#9 {main} in C:\Users\Yasin ERSOY\Documents\PlutoPHP\backend\controller\User.php:28
Stack trace:
#0 C:\Users\Yasin ERSOY\Documents\PlutoPHP\src\core\Router.php(252): Pluto\Controller\User->index()
#1 C:\Users\Yasin ERSOY\Documents\PlutoPHP\index.php(35): Pluto\Core\Router->resolve()
#2 {main}
2025-07-24 06:51:08 - Pluto\Core\Error: ParseError: syntax error, unexpected end of file in C:\Users\Yasin ERSOY\Documents\PlutoPHP\storage\cache\7d637dde250acaf0c9493573acd23179.php:48
Stack trace:
#0 C:\Users\Yasin ERSOY\Documents\PlutoPHP\src\core\Response.php(36): Pluto\Core\Template::view()
#1 C:\Users\Yasin ERSOY\Documents\PlutoPHP\backend\controller\User.php(26): Pluto\Core\Response->template()
#2 C:\Users\Yasin ERSOY\Documents\PlutoPHP\src\core\Router.php(252): Pluto\Controller\User->index()
#3 C:\Users\Yasin ERSOY\Documents\PlutoPHP\index.php(35): Pluto\Core\Router->resolve()
#4 {main} in C:\Users\Yasin ERSOY\Documents\PlutoPHP\backend\controller\User.php:28
Stack trace:
#0 C:\Users\Yasin ERSOY\Documents\PlutoPHP\src\core\Router.php(252): Pluto\Controller\User->index()
#1 C:\Users\Yasin ERSOY\Documents\PlutoPHP\index.php(35): Pluto\Core\Router->resolve()
#2 {main}
2025-07-24 06:51:19 - Pluto\Core\Error: ParseError: syntax error, unexpected end of file in C:\Users\Yasin ERSOY\Documents\PlutoPHP\storage\cache\7d637dde250acaf0c9493573acd23179.php:48
Stack trace:
#0 C:\Users\Yasin ERSOY\Documents\PlutoPHP\src\core\Response.php(36): Pluto\Core\Template::view()
#1 C:\Users\Yasin ERSOY\Documents\PlutoPHP\backend\controller\User.php(26): Pluto\Core\Response->template()
#2 C:\Users\Yasin ERSOY\Documents\PlutoPHP\src\core\Router.php(252): Pluto\Controller\User->index()
#3 C:\Users\Yasin ERSOY\Documents\PlutoPHP\index.php(35): Pluto\Core\Router->resolve()
#4 {main} in C:\Users\Yasin ERSOY\Documents\PlutoPHP\backend\controller\User.php:28
Stack trace:
#0 C:\Users\Yasin ERSOY\Documents\PlutoPHP\src\core\Router.php(252): Pluto\Controller\User->index()
#1 C:\Users\Yasin ERSOY\Documents\PlutoPHP\index.php(35): Pluto\Core\Router->resolve()
#2 {main}
2025-07-24 06:51:22 - Pluto\Core\Error: ParseError: syntax error, unexpected end of file in C:\Users\Yasin ERSOY\Documents\PlutoPHP\storage\cache\7d637dde250acaf0c9493573acd23179.php:48
Stack trace:
#0 C:\Users\Yasin ERSOY\Documents\PlutoPHP\src\core\Response.php(36): Pluto\Core\Template::view()
#1 C:\Users\Yasin ERSOY\Documents\PlutoPHP\backend\controller\User.php(26): Pluto\Core\Response->template()
#2 C:\Users\Yasin ERSOY\Documents\PlutoPHP\src\core\Router.php(252): Pluto\Controller\User->index()
#3 C:\Users\Yasin ERSOY\Documents\PlutoPHP\index.php(35): Pluto\Core\Router->resolve()
#4 {main} in C:\Users\Yasin ERSOY\Documents\PlutoPHP\backend\controller\User.php:28
Stack trace:
#0 C:\Users\Yasin ERSOY\Documents\PlutoPHP\src\core\Router.php(252): Pluto\Controller\User->index()
#1 C:\Users\Yasin ERSOY\Documents\PlutoPHP\index.php(35): Pluto\Core\Router->resolve()
#2 {main}
2025-07-24 06:52:15 - Pluto\Core\Error: Error: reset(): Argument #1 ($array) could not be passed by reference in C:\Users\Yasin ERSOY\Documents\PlutoPHP\storage\cache\7d637dde250acaf0c9493573acd23179.php:19
Stack trace:
#0 C:\Users\Yasin ERSOY\Documents\PlutoPHP\src\core\Template.php(62): require()
#1 C:\Users\Yasin ERSOY\Documents\PlutoPHP\src\core\Response.php(36): Pluto\Core\Template::view()
#2 C:\Users\Yasin ERSOY\Documents\PlutoPHP\backend\controller\User.php(26): Pluto\Core\Response->template()
#3 C:\Users\Yasin ERSOY\Documents\PlutoPHP\src\core\Router.php(252): Pluto\Controller\User->index()
#4 C:\Users\Yasin ERSOY\Documents\PlutoPHP\index.php(35): Pluto\Core\Router->resolve()
#5 {main} in C:\Users\Yasin ERSOY\Documents\PlutoPHP\backend\controller\User.php:28
Stack trace:
#0 C:\Users\Yasin ERSOY\Documents\PlutoPHP\src\core\Router.php(252): Pluto\Controller\User->index()
#1 C:\Users\Yasin ERSOY\Documents\PlutoPHP\index.php(35): Pluto\Core\Router->resolve()
#2 {main}
2025-07-24 06:52:17 - Pluto\Core\Error: Error: reset(): Argument #1 ($array) could not be passed by reference in C:\Users\Yasin ERSOY\Documents\PlutoPHP\storage\cache\7d637dde250acaf0c9493573acd23179.php:19
Stack trace:
#0 C:\Users\Yasin ERSOY\Documents\PlutoPHP\src\core\Template.php(62): require()
#1 C:\Users\Yasin ERSOY\Documents\PlutoPHP\src\core\Response.php(36): Pluto\Core\Template::view()
#2 C:\Users\Yasin ERSOY\Documents\PlutoPHP\backend\controller\User.php(26): Pluto\Core\Response->template()
#3 C:\Users\Yasin ERSOY\Documents\PlutoPHP\src\core\Router.php(252): Pluto\Controller\User->index()
#4 C:\Users\Yasin ERSOY\Documents\PlutoPHP\index.php(35): Pluto\Core\Router->resolve()
#5 {main} in C:\Users\Yasin ERSOY\Documents\PlutoPHP\backend\controller\User.php:28
Stack trace:
#0 C:\Users\Yasin ERSOY\Documents\PlutoPHP\src\core\Router.php(252): Pluto\Controller\User->index()
#1 C:\Users\Yasin ERSOY\Documents\PlutoPHP\index.php(35): Pluto\Core\Router->resolve()
#2 {main}
2025-07-24 06:53:07 - Pluto\Core\Error: Error: Undefined constant "first" in C:\Users\Yasin ERSOY\Documents\PlutoPHP\storage\cache\7d637dde250acaf0c9493573acd23179.php:18
Stack trace:
#0 C:\Users\Yasin ERSOY\Documents\PlutoPHP\src\core\Template.php(62): require()
#1 C:\Users\Yasin ERSOY\Documents\PlutoPHP\src\core\Response.php(36): Pluto\Core\Template::view()
#2 C:\Users\Yasin ERSOY\Documents\PlutoPHP\backend\controller\User.php(26): Pluto\Core\Response->template()
#3 C:\Users\Yasin ERSOY\Documents\PlutoPHP\src\core\Router.php(252): Pluto\Controller\User->index()
#4 C:\Users\Yasin ERSOY\Documents\PlutoPHP\index.php(35): Pluto\Core\Router->resolve()
#5 {main} in C:\Users\Yasin ERSOY\Documents\PlutoPHP\backend\controller\User.php:28
Stack trace:
#0 C:\Users\Yasin ERSOY\Documents\PlutoPHP\src\core\Router.php(252): Pluto\Controller\User->index()
#1 C:\Users\Yasin ERSOY\Documents\PlutoPHP\index.php(35): Pluto\Core\Router->resolve()
#2 {main}
2025-07-24 07:07:06 - Pluto\Core\Error: Error: Undefined constant "self" in C:\Users\Yasin ERSOY\Documents\PlutoPHP\storage\cache\7d637dde250acaf0c9493573acd23179.php:20
Stack trace:
#0 C:\Users\Yasin ERSOY\Documents\PlutoPHP\src\core\Template.php(63): require()
#1 C:\Users\Yasin ERSOY\Documents\PlutoPHP\src\core\Response.php(36): Pluto\Core\Template::view()
#2 C:\Users\Yasin ERSOY\Documents\PlutoPHP\backend\controller\User.php(26): Pluto\Core\Response->template()
#3 C:\Users\Yasin ERSOY\Documents\PlutoPHP\src\core\Router.php(252): Pluto\Controller\User->index()
#4 C:\Users\Yasin ERSOY\Documents\PlutoPHP\index.php(35): Pluto\Core\Router->resolve()
#5 {main} in C:\Users\Yasin ERSOY\Documents\PlutoPHP\backend\controller\User.php:28
Stack trace:
#0 C:\Users\Yasin ERSOY\Documents\PlutoPHP\src\core\Router.php(252): Pluto\Controller\User->index()
#1 C:\Users\Yasin ERSOY\Documents\PlutoPHP\index.php(35): Pluto\Core\Router->resolve()
#2 {main}
2025-07-24 07:07:18 - Pluto\Core\Error: Error: Undefined constant Pluto\Core\Template::getProperty in C:\Users\Yasin ERSOY\Documents\PlutoPHP\storage\cache\7d637dde250acaf0c9493573acd23179.php:20
Stack trace:
#0 C:\Users\Yasin ERSOY\Documents\PlutoPHP\src\core\Template.php(63): require()
#1 C:\Users\Yasin ERSOY\Documents\PlutoPHP\src\core\Response.php(36): Pluto\Core\Template::view()
#2 C:\Users\Yasin ERSOY\Documents\PlutoPHP\backend\controller\User.php(26): Pluto\Core\Response->template()
#3 C:\Users\Yasin ERSOY\Documents\PlutoPHP\src\core\Router.php(252): Pluto\Controller\User->index()
#4 C:\Users\Yasin ERSOY\Documents\PlutoPHP\index.php(35): Pluto\Core\Router->resolve()
#5 {main} in C:\Users\Yasin ERSOY\Documents\PlutoPHP\backend\controller\User.php:28
Stack trace:
#0 C:\Users\Yasin ERSOY\Documents\PlutoPHP\src\core\Router.php(252): Pluto\Controller\User->index()
#1 C:\Users\Yasin ERSOY\Documents\PlutoPHP\index.php(35): Pluto\Core\Router->resolve()
#2 {main}
2025-07-24 07:11:59 - Pluto\Core\Error: Error: Undefined constant Pluto\Core\Template::getProperty in C:\Users\Yasin ERSOY\Documents\PlutoPHP\storage\cache\7d637dde250acaf0c9493573acd23179.php:21
Stack trace:
#0 C:\Users\Yasin ERSOY\Documents\PlutoPHP\src\core\Template.php(63): require()
#1 C:\Users\Yasin ERSOY\Documents\PlutoPHP\src\core\Response.php(36): Pluto\Core\Template::view()
#2 C:\Users\Yasin ERSOY\Documents\PlutoPHP\backend\controller\User.php(26): Pluto\Core\Response->template()
#3 C:\Users\Yasin ERSOY\Documents\PlutoPHP\src\core\Router.php(252): Pluto\Controller\User->index()
#4 C:\Users\Yasin ERSOY\Documents\PlutoPHP\index.php(35): Pluto\Core\Router->resolve()
#5 {main} in C:\Users\Yasin ERSOY\Documents\PlutoPHP\backend\controller\User.php:28
Stack trace:
#0 C:\Users\Yasin ERSOY\Documents\PlutoPHP\src\core\Router.php(252): Pluto\Controller\User->index()
#1 C:\Users\Yasin ERSOY\Documents\PlutoPHP\index.php(35): Pluto\Core\Router->resolve()
#2 {main}
2025-07-24 07:20:40 - Pluto\Core\Error: ParseError: syntax error, unexpected single-quoted string "components/alert" in C:\Users\Yasin ERSOY\Documents\PlutoPHP\storage\cache\7d637dde250acaf0c9493573acd23179.php:20
Stack trace:
#0 C:\Users\Yasin ERSOY\Documents\PlutoPHP\src\core\Response.php(36): Pluto\Core\Template::view()
#1 C:\Users\Yasin ERSOY\Documents\PlutoPHP\backend\controller\User.php(26): Pluto\Core\Response->template()
#2 C:\Users\Yasin ERSOY\Documents\PlutoPHP\src\core\Router.php(252): Pluto\Controller\User->index()
#3 C:\Users\Yasin ERSOY\Documents\PlutoPHP\index.php(35): Pluto\Core\Router->resolve()
#4 {main} in C:\Users\Yasin ERSOY\Documents\PlutoPHP\backend\controller\User.php:28
Stack trace:
#0 C:\Users\Yasin ERSOY\Documents\PlutoPHP\src\core\Router.php(252): Pluto\Controller\User->index()
#1 C:\Users\Yasin ERSOY\Documents\PlutoPHP\index.php(35): Pluto\Core\Router->resolve()
#2 {main}
2025-07-24 07:21:54 - Pluto\Core\Error: ParseError: syntax error, unexpected single-quoted string "components/alert" in C:\Users\Yasin ERSOY\Documents\PlutoPHP\storage\cache\7d637dde250acaf0c9493573acd23179.php:20
Stack trace:
#0 C:\Users\Yasin ERSOY\Documents\PlutoPHP\src\core\Response.php(36): Pluto\Core\Template::view()
#1 C:\Users\Yasin ERSOY\Documents\PlutoPHP\backend\controller\User.php(26): Pluto\Core\Response->template()
#2 C:\Users\Yasin ERSOY\Documents\PlutoPHP\src\core\Router.php(252): Pluto\Controller\User->index()
#3 C:\Users\Yasin ERSOY\Documents\PlutoPHP\index.php(35): Pluto\Core\Router->resolve()
#4 {main} in C:\Users\Yasin ERSOY\Documents\PlutoPHP\backend\controller\User.php:28
Stack trace:
#0 C:\Users\Yasin ERSOY\Documents\PlutoPHP\src\core\Router.php(252): Pluto\Controller\User->index()
#1 C:\Users\Yasin ERSOY\Documents\PlutoPHP\index.php(35): Pluto\Core\Router->resolve()
#2 {main}
2025-07-24 07:26:51 - Pluto\Core\Error: ParseError: syntax error, unexpected single-quoted string "components/alert" in C:\Users\Yasin ERSOY\Documents\PlutoPHP\storage\cache\7d637dde250acaf0c9493573acd23179.php:20
Stack trace:
#0 C:\Users\Yasin ERSOY\Documents\PlutoPHP\src\core\Response.php(36): Pluto\Core\Template::view()
#1 C:\Users\Yasin ERSOY\Documents\PlutoPHP\backend\controller\User.php(26): Pluto\Core\Response->template()
#2 C:\Users\Yasin ERSOY\Documents\PlutoPHP\src\core\Router.php(252): Pluto\Controller\User->index()
#3 C:\Users\Yasin ERSOY\Documents\PlutoPHP\index.php(35): Pluto\Core\Router->resolve()
#4 {main} in C:\Users\Yasin ERSOY\Documents\PlutoPHP\backend\controller\User.php:28
Stack trace:
#0 C:\Users\Yasin ERSOY\Documents\PlutoPHP\src\core\Router.php(252): Pluto\Controller\User->index()
#1 C:\Users\Yasin ERSOY\Documents\PlutoPHP\index.php(35): Pluto\Core\Router->resolve()
#2 {main}
2025-07-24 07:27:51 - Pluto\Core\Error: Error: Call to undefined method Pluto\Core\Template::compileComponents() in C:\Users\Yasin ERSOY\Documents\PlutoPHP\src\core\Template.php:95
Stack trace:
#0 C:\Users\Yasin ERSOY\Documents\PlutoPHP\src\core\Template.php(77): Pluto\Core\Template::compileCode()
#1 C:\Users\Yasin ERSOY\Documents\PlutoPHP\src\core\Template.php(55): Pluto\Core\Template::cache()
#2 C:\Users\Yasin ERSOY\Documents\PlutoPHP\src\core\Response.php(36): Pluto\Core\Template::view()
#3 C:\Users\Yasin ERSOY\Documents\PlutoPHP\backend\controller\User.php(26): Pluto\Core\Response->template()
#4 C:\Users\Yasin ERSOY\Documents\PlutoPHP\src\core\Router.php(252): Pluto\Controller\User->index()
#5 C:\Users\Yasin ERSOY\Documents\PlutoPHP\index.php(35): Pluto\Core\Router->resolve()
#6 {main} in C:\Users\Yasin ERSOY\Documents\PlutoPHP\backend\controller\User.php:28
Stack trace:
#0 C:\Users\Yasin ERSOY\Documents\PlutoPHP\src\core\Router.php(252): Pluto\Controller\User->index()
#1 C:\Users\Yasin ERSOY\Documents\PlutoPHP\index.php(35): Pluto\Core\Router->resolve()
#2 {main}
2025-07-24 07:27:51 - Error: Call to undefined method Pluto\Core\Template::compileComponents() in C:\Users\Yasin ERSOY\Documents\PlutoPHP\src\core\Template.php:95
Stack trace:
#0 C:\Users\Yasin ERSOY\Documents\PlutoPHP\src\core\Template.php(77): Pluto\Core\Template::compileCode()
#1 C:\Users\Yasin ERSOY\Documents\PlutoPHP\src\core\Template.php(55): Pluto\Core\Template::cache()
#2 C:\Users\Yasin ERSOY\Documents\PlutoPHP\src\core\Response.php(36): Pluto\Core\Template::view()
#3 C:\Users\Yasin ERSOY\Documents\PlutoPHP\backend\controller\User.php(29): Pluto\Core\Response->template()
#4 C:\Users\Yasin ERSOY\Documents\PlutoPHP\src\core\Router.php(252): Pluto\Controller\User->index()
#5 C:\Users\Yasin ERSOY\Documents\PlutoPHP\index.php(35): Pluto\Core\Router->resolve()
#6 {main}

Next Pluto\Core\Error: 404 Not Found: Call to undefined method Pluto\Core\Template::compileComponents() in C:\Users\Yasin ERSOY\Documents\PlutoPHP\src\core\Router.php:269
Stack trace:
#0 C:\Users\Yasin ERSOY\Documents\PlutoPHP\index.php(35): Pluto\Core\Router->resolve()
#1 {main}
2025-07-24 07:27:59 - Pluto\Core\Error: ParseError: syntax error, unexpected single-quoted string "components/alert" in C:\Users\Yasin ERSOY\Documents\PlutoPHP\storage\cache\7d637dde250acaf0c9493573acd23179.php:20
Stack trace:
#0 C:\Users\Yasin ERSOY\Documents\PlutoPHP\src\core\Response.php(36): Pluto\Core\Template::view()
#1 C:\Users\Yasin ERSOY\Documents\PlutoPHP\backend\controller\User.php(26): Pluto\Core\Response->template()
#2 C:\Users\Yasin ERSOY\Documents\PlutoPHP\src\core\Router.php(252): Pluto\Controller\User->index()
#3 C:\Users\Yasin ERSOY\Documents\PlutoPHP\index.php(35): Pluto\Core\Router->resolve()
#4 {main} in C:\Users\Yasin ERSOY\Documents\PlutoPHP\backend\controller\User.php:28
Stack trace:
#0 C:\Users\Yasin ERSOY\Documents\PlutoPHP\src\core\Router.php(252): Pluto\Controller\User->index()
#1 C:\Users\Yasin ERSOY\Documents\PlutoPHP\index.php(35): Pluto\Core\Router->resolve()
#2 {main}
2025-07-24 07:28:30 - Pluto\Core\Error: Error: Call to undefined method Pluto\Core\Template::compileComments() in C:\Users\Yasin ERSOY\Documents\PlutoPHP\src\core\Template.php:92
Stack trace:
#0 C:\Users\Yasin ERSOY\Documents\PlutoPHP\src\core\Template.php(77): Pluto\Core\Template::compileCode()
#1 C:\Users\Yasin ERSOY\Documents\PlutoPHP\src\core\Template.php(55): Pluto\Core\Template::cache()
#2 C:\Users\Yasin ERSOY\Documents\PlutoPHP\src\core\Response.php(36): Pluto\Core\Template::view()
#3 C:\Users\Yasin ERSOY\Documents\PlutoPHP\backend\controller\User.php(26): Pluto\Core\Response->template()
#4 C:\Users\Yasin ERSOY\Documents\PlutoPHP\src\core\Router.php(252): Pluto\Controller\User->index()
#5 C:\Users\Yasin ERSOY\Documents\PlutoPHP\index.php(35): Pluto\Core\Router->resolve()
#6 {main} in C:\Users\Yasin ERSOY\Documents\PlutoPHP\backend\controller\User.php:28
Stack trace:
#0 C:\Users\Yasin ERSOY\Documents\PlutoPHP\src\core\Router.php(252): Pluto\Controller\User->index()
#1 C:\Users\Yasin ERSOY\Documents\PlutoPHP\index.php(35): Pluto\Core\Router->resolve()
#2 {main}
2025-07-24 07:28:30 - Error: Call to undefined method Pluto\Core\Template::compileComments() in C:\Users\Yasin ERSOY\Documents\PlutoPHP\src\core\Template.php:92
Stack trace:
#0 C:\Users\Yasin ERSOY\Documents\PlutoPHP\src\core\Template.php(77): Pluto\Core\Template::compileCode()
#1 C:\Users\Yasin ERSOY\Documents\PlutoPHP\src\core\Template.php(55): Pluto\Core\Template::cache()
#2 C:\Users\Yasin ERSOY\Documents\PlutoPHP\src\core\Response.php(36): Pluto\Core\Template::view()
#3 C:\Users\Yasin ERSOY\Documents\PlutoPHP\backend\controller\User.php(29): Pluto\Core\Response->template()
#4 C:\Users\Yasin ERSOY\Documents\PlutoPHP\src\core\Router.php(252): Pluto\Controller\User->index()
#5 C:\Users\Yasin ERSOY\Documents\PlutoPHP\index.php(35): Pluto\Core\Router->resolve()
#6 {main}

Next Pluto\Core\Error: 404 Not Found: Call to undefined method Pluto\Core\Template::compileComments() in C:\Users\Yasin ERSOY\Documents\PlutoPHP\src\core\Router.php:269
Stack trace:
#0 C:\Users\Yasin ERSOY\Documents\PlutoPHP\index.php(35): Pluto\Core\Router->resolve()
#1 {main}
